Info: Nothing to build for ex2
15:11:28 **** Incremental Build of configuration Debug for project ex2 ****
Info: Internal Builder is used for build
gcc -O0 -g3 -Wall -c -fmessage-length=0 -o "src\\ex2.o" "..\\src\\ex2.c" 
..\src\ex2.c: In function 'main':
..\src\ex2.c:11:15: warning: unused variable 'nums' [-Wunused-variable]
   11 |         float nums[n];
      |               ^~~~
gcc -o ex2.exe "src\\ex2.o" 
15:12:47 **** Incremental Build of configuration Debug for project ex2 ****
Info: Internal Builder is used for build
gcc -O0 -g3 -Wall -c -fmessage-length=0 -o "src\\ex2.o" "..\\src\\ex2.c" 
..\src\ex2.c: In function 'main':
..\src\ex2.c:10:9: warning: writing into constant object (argument 2) [-Wformat=]
   10 |         scanf("%d",&n);
      |         ^~~~~
..\src\ex2.c:11:15: warning: unused variable 'nums' [-Wunused-variable]
   11 |         float nums[n];
      |               ^~~~
gcc -o ex2.exe "src\\ex2.o" 
15:16:53 **** Incremental Build of configuration Debug for project ex2 ****
Info: Internal Builder is used for build
gcc -O0 -g3 -Wall -c -fmessage-length=0 -o "src\\ex2.o" "..\\src\\ex2.c" 
..\src\ex2.c: In function 'main':
..\src\ex2.c:11:9: warning: writing into constant object (argument 2) [-Wformat=]
   11 |         scanf("%d",&n);
      |         ^~~~~
..\src\ex2.c:20:28: warning: unknown conversion type character ',' in format [-Wformat=]
   20 |         printf("Average = %,2f",avg);
      |                            ^
..\src\ex2.c:20:16: warning: too many arguments for format [-Wformat-extra-args]
   20 |         printf("Average = %,2f",avg);
      |                ^~~~~~~~~~~~~~~~
gcc -o ex2.exe "src\\ex2.o" 
Info: Nothing to build for ex2
15:18:13 **** Incremental Build of configuration Debug for project ex2 ****
Info: Internal Builder is used for build
gcc -O0 -g3 -Wall -c -fmessage-length=0 -o "src\\ex2.o" "..\\src\\ex2.c" 
..\src\ex2.c: In function 'main':
..\src\ex2.c:11:9: warning: writing into constant object (argument 2) [-Wformat=]
   11 |         scanf("%d",&n);
      |         ^~~~~
gcc -o ex2.exe "src\\ex2.o" 
Info: Nothing to build for ex2
15:30:56 **** Incremental Build of configuration Debug for project ex2 ****
Info: Internal Builder is used for build
gcc -O0 -g3 -Wall -c -fmessage-length=0 -o "src\\ex2.o" "..\\src\\ex2.c" 
gcc -o ex2.exe "src\\ex2.o" 
15:31:32 **** Incremental Build of configuration Debug for project ex2 ****
Info: Internal Builder is used for build
gcc -O0 -g3 -Wall -c -fmessage-length=0 -o "src\\ex2.o" "..\\src\\ex2.c" 
gcc -o ex2.exe "src\\ex2.o" 
Info: Nothing to build for ex2
Info: Nothing to build for ex1
Info: Nothing to build for ex2
15:46:02 **** Rebuild of configuration Debug for project ex3 ****
Info: Internal Builder is used for build
gcc -O0 -g3 -Wall -c -fmessage-length=0 -o "src\\ex3.o" "..\\src\\ex3.c" 
gcc -o ex3.exe "src\\ex3.o" 
15:46:09 **** Incremental Build of configuration Debug for project ex3 ****
Info: Internal Builder is used for build
gcc -O0 -g3 -Wall -c -fmessage-length=0 -o "src\\ex3.o" "..\\src\\ex3.c" 
gcc -o ex3.exe "src\\ex3.o" 
15:47:36 **** Incremental Build of configuration Debug for project ex3 ****
Info: Internal Builder is used for build
gcc -O0 -g3 -Wall -c -fmessage-length=0 -o "src\\ex3.o" "..\\src\\ex3.c" 
gcc -o ex3.exe "src\\ex3.o" 
Info: Nothing to build for ex3
15:48:25 **** Incremental Build of configuration Debug for project ex3 ****
Info: Internal Builder is used for build
gcc -O0 -g3 -Wall -c -fmessage-length=0 -o "src\\ex3.o" "..\\src\\ex3.c" 
gcc -o ex3.exe "src\\ex3.o" 
Info: Nothing to build for ex3
15:48:49 **** Incremental Build of configuration Debug for project ex3 ****
Info: Internal Builder is used for build
gcc -O0 -g3 -Wall -c -fmessage-length=0 -o "src\\ex3.o" "..\\src\\ex3.c" 
gcc -o ex3.exe "src\\ex3.o" 
Info: Nothing to build for ex3
Info: Nothing to build for ex1
Info: Nothing to build for ex2
Info: Nothing to build for ex3
16:05:00 **** Rebuild of configuration Debug for project ex4 ****
Info: Internal Builder is used for build
gcc -O0 -g3 -Wall -c -fmessage-length=0 -o "src\\ex4.o" "..\\src\\ex4.c" 
gcc -o ex4.exe "src\\ex4.o" 
16:05:06 **** Incremental Build of configuration Debug for project ex4 ****
Info: Internal Builder is used for build
gcc -O0 -g3 -Wall -c -fmessage-length=0 -o "src\\ex4.o" "..\\src\\ex4.c" 
..\src\ex4.c: In function 'main':
..\src\ex4.c:12:25: warning: format '%d' expects argument of type 'int *', but argument 2 has type 'int' [-Wformat=]
   12 |                 scanf("%d",arr[i]);
      |                        ~^  ~~~~~~
      |                         |     |
      |                         int * int
gcc -o ex4.exe "src\\ex4.o" 
16:05:20 **** Incremental Build of configuration Debug for project ex4 ****
Info: Internal Builder is used for build
gcc -O0 -g3 -Wall -c -fmessage-length=0 -o "src\\ex4.o" "..\\src\\ex4.c" 
gcc -o ex4.exe "src\\ex4.o" 
Info: Nothing to build for ex4
16:06:20 **** Incremental Build of configuration Debug for project ex4 ****
Info: Internal Builder is used for build
gcc -O0 -g3 -Wall -c -fmessage-length=0 -o "src\\ex4.o" "..\\src\\ex4.c" 
gcc -o ex4.exe "src\\ex4.o" 
16:06:51 **** Incremental Build of configuration Debug for project ex4 ****
Info: Internal Builder is used for build
gcc -O0 -g3 -Wall -c -fmessage-length=0 -o "src\\ex4.o" "..\\src\\ex4.c" 
gcc -o ex4.exe "src\\ex4.o" 
16:07:22 **** Incremental Build of configuration Debug for project ex4 ****
Info: Internal Builder is used for build
gcc -O0 -g3 -Wall -c -fmessage-length=0 -o "src\\ex4.o" "..\\src\\ex4.c" 
gcc -o ex4.exe "src\\ex4.o" 
Info: Nothing to build for ex4
Info: Nothing to build for ex4
16:07:41 **** Incremental Build of configuration Debug for project ex4 ****
Info: Internal Builder is used for build
gcc -O0 -g3 -Wall -c -fmessage-length=0 -o "src\\ex4.o" "..\\src\\ex4.c" 
gcc -o ex4.exe "src\\ex4.o" 
16:08:00 **** Incremental Build of configuration Debug for project ex4 ****
Info: Internal Builder is used for build
gcc -O0 -g3 -Wall -c -fmessage-length=0 -o "src\\ex4.o" "..\\src\\ex4.c" 
gcc -o ex4.exe "src\\ex4.o" 
16:09:06 **** Incremental Build of configuration Debug for project ex4 ****
Info: Internal Builder is used for build
gcc -O0 -g3 -Wall -c -fmessage-length=0 -o "src\\ex4.o" "..\\src\\ex4.c" 
gcc -o ex4.exe "src\\ex4.o" 
16:09:20 **** Incremental Build of configuration Debug for project ex4 ****
Info: Internal Builder is used for build
gcc -O0 -g3 -Wall -c -fmessage-length=0 -o "src\\ex4.o" "..\\src\\ex4.c" 
gcc -o ex4.exe "src\\ex4.o" 
Info: Nothing to build for ex4
Info: Nothing to build for ex1
Info: Nothing to build for ex2
Info: Nothing to build for ex3
Info: Nothing to build for ex4
16:27:09 **** Rebuild of configuration Debug for project ex5 ****
Info: Internal Builder is used for build
gcc -O0 -g3 -Wall -c -fmessage-length=0 -o "src\\ex5.o" "..\\src\\ex5.c" 
gcc -o ex5.exe "src\\ex5.o" 
16:27:14 **** Incremental Build of configuration Debug for project ex5 ****
Info: Internal Builder is used for build
gcc -O0 -g3 -Wall -c -fmessage-length=0 -o "src\\ex5.o" "..\\src\\ex5.c" 
gcc -o ex5.exe "src\\ex5.o" 
Info: Nothing to build for ex5
